This file contains any messages produced by compilers while
running configure, to aid debugging if configure makes a mistake.

It was created by kyotocabinet-java configure 1.24, which was
generated by GNU Autoconf 2.68.  Invocation command line was

  $ ./configure 

## --------- ##
## Platform. ##
## --------- ##

hostname = chungnt
uname -m = x86_64
uname -r = 4.4.0-139-generic
uname -s = Linux
uname -v = #165-Ubuntu SMP Wed Oct 24 10:58:50 UTC 2018

/usr/bin/uname -p = unknown
/bin/uname -X     = unknown

/bin/arch              = unknown
/usr/bin/arch -k       = unknown
/usr/convex/getsysinfo = unknown
/usr/bin/hostinfo      = unknown
/bin/machine           = unknown
/usr/bin/oslevel       = unknown
/bin/universe          = unknown

PATH: /usr/local/sbin
PATH: /usr/local/bin
PATH: /usr/sbin
PATH: /usr/bin
PATH: /sbin
PATH: /bin
PATH: /usr/games
PATH: /usr/local/games
PATH: /snap/bin
PATH: /usr/lib/jvm/java-8-oracle/bin
PATH: /usr/lib/jvm/java-8-oracle/db/bin
PATH: /usr/lib/jvm/java-8-oracle/jre/bin
PATH: /usr/local/go/bin
PATH: /home/chungnt/goApps/bin
PATH: /usr/local/go/bin
PATH: /root/goApps/bin


## ----------- ##
## Core tests. ##
## ----------- ##

configure:2305: checking for gcc
configure:2321: found /usr/bin/gcc
configure:2332: result: gcc
configure:2561: checking for C compiler version
configure:2570: gcc --version >&5
gcc (Ubuntu 5.4.0-6ubuntu1~16.04.10) 5.4.0 20160609
Copyright (C) 2015 Free Software Foundation, Inc.
This is free software; see the source for copying conditions.  There is NO
warranty; not even for MERCHANTABILITY or FITNESS FOR A PARTICULAR PURPOSE.

configure:2581: $? = 0
configure:2570: gcc -v >&5
Using built-in specs.
COLLECT_GCC=gcc
COLLECT_LTO_WRAPPER=/usr/lib/gcc/x86_64-linux-gnu/5/lto-wrapper
Target: x86_64-linux-gnu
Configured with: ../src/configure -v --with-pkgversion='Ubuntu 5.4.0-6ubuntu1~16.04.10' --with-bugurl=file:///usr/share/doc/gcc-5/README.Bugs --enable-languages=c,ada,c++,java,go,d,fortran,objc,obj-c++ --prefix=/usr --program-suffix=-5 --enable-shared --enable-linker-build-id --libexecdir=/usr/lib --without-included-gettext --enable-threads=posix --libdir=/usr/lib --enable-nls --with-sysroot=/ --enable-clocale=gnu --enable-libstdcxx-debug --enable-libstdcxx-time=yes --with-default-libstdcxx-abi=new --enable-gnu-unique-object --disable-vtable-verify --enable-libmpx --enable-plugin --with-system-zlib --disable-browser-plugin --enable-java-awt=gtk --enable-gtk-cairo --with-java-home=/usr/lib/jvm/java-1.5.0-gcj-5-amd64/jre --enable-java-home --with-jvm-root-dir=/usr/lib/jvm/java-1.5.0-gcj-5-amd64 --with-jvm-jar-dir=/usr/lib/jvm-exports/java-1.5.0-gcj-5-amd64 --with-arch-directory=amd64 --with-ecj-jar=/usr/share/java/eclipse-ecj.jar --enable-objc-gc --enable-multiarch --disable-werror --with-arch-32=i686 --with-abi=m64 --with-multilib-list=m32,m64,mx32 --enable-multilib --with-tune=generic --enable-checking=release --build=x86_64-linux-gnu --host=x86_64-linux-gnu --target=x86_64-linux-gnu
Thread model: posix
gcc version 5.4.0 20160609 (Ubuntu 5.4.0-6ubuntu1~16.04.10) 
configure:2581: $? = 0
configure:2570: gcc -V >&5
gcc: error: unrecognized command line option '-V'
gcc: fatal error: no input files
compilation terminated.
configure:2581: $? = 1
configure:2570: gcc -qversion >&5
gcc: error: unrecognized command line option '-qversion'
gcc: fatal error: no input files
compilation terminated.
configure:2581: $? = 1
configure:2601: checking whether the C compiler works
configure:2623: gcc    conftest.c  >&5
configure:2627: $? = 0
configure:2675: result: yes
configure:2678: checking for C compiler default output file name
configure:2680: result: a.out
configure:2686: checking for suffix of executables
configure:2693: gcc -o conftest    conftest.c  >&5
configure:2697: $? = 0
configure:2719: result: 
configure:2741: checking whether we are cross compiling
configure:2749: gcc -o conftest    conftest.c  >&5
configure:2753: $? = 0
configure:2760: ./conftest
configure:2764: $? = 0
configure:2779: result: no
configure:2784: checking for suffix of object files
configure:2806: gcc -c   conftest.c >&5
configure:2810: $? = 0
configure:2831: result: o
configure:2835: checking whether we are using the GNU C compiler
configure:2854: gcc -c   conftest.c >&5
configure:2854: $? = 0
configure:2863: result: yes
configure:2872: checking whether gcc accepts -g
configure:2892: gcc -c -g  conftest.c >&5
configure:2892: $? = 0
configure:2933: result: yes
configure:2950: checking for gcc option to accept ISO C89
configure:3014: gcc  -c -g -O2  conftest.c >&5
configure:3014: $? = 0
configure:3027: result: none needed
configure:3105: checking for g++
configure:3121: found /usr/bin/g++
configure:3132: result: g++
configure:3159: checking for C++ compiler version
configure:3168: g++ --version >&5
g++ (Ubuntu 5.4.0-6ubuntu1~16.04.10) 5.4.0 20160609
Copyright (C) 2015 Free Software Foundation, Inc.
This is free software; see the source for copying conditions.  There is NO
warranty; not even for MERCHANTABILITY or FITNESS FOR A PARTICULAR PURPOSE.

configure:3179: $? = 0
configure:3168: g++ -v >&5
Using built-in specs.
COLLECT_GCC=g++
COLLECT_LTO_WRAPPER=/usr/lib/gcc/x86_64-linux-gnu/5/lto-wrapper
Target: x86_64-linux-gnu
Configured with: ../src/configure -v --with-pkgversion='Ubuntu 5.4.0-6ubuntu1~16.04.10' --with-bugurl=file:///usr/share/doc/gcc-5/README.Bugs --enable-languages=c,ada,c++,java,go,d,fortran,objc,obj-c++ --prefix=/usr --program-suffix=-5 --enable-shared --enable-linker-build-id --libexecdir=/usr/lib --without-included-gettext --enable-threads=posix --libdir=/usr/lib --enable-nls --with-sysroot=/ --enable-clocale=gnu --enable-libstdcxx-debug --enable-libstdcxx-time=yes --with-default-libstdcxx-abi=new --enable-gnu-unique-object --disable-vtable-verify --enable-libmpx --enable-plugin --with-system-zlib --disable-browser-plugin --enable-java-awt=gtk --enable-gtk-cairo --with-java-home=/usr/lib/jvm/java-1.5.0-gcj-5-amd64/jre --enable-java-home --with-jvm-root-dir=/usr/lib/jvm/java-1.5.0-gcj-5-amd64 --with-jvm-jar-dir=/usr/lib/jvm-exports/java-1.5.0-gcj-5-amd64 --with-arch-directory=amd64 --with-ecj-jar=/usr/share/java/eclipse-ecj.jar --enable-objc-gc --enable-multiarch --disable-werror --with-arch-32=i686 --with-abi=m64 --with-multilib-list=m32,m64,mx32 --enable-multilib --with-tune=generic --enable-checking=release --build=x86_64-linux-gnu --host=x86_64-linux-gnu --target=x86_64-linux-gnu
Thread model: posix
gcc version 5.4.0 20160609 (Ubuntu 5.4.0-6ubuntu1~16.04.10) 
configure:3179: $? = 0
configure:3168: g++ -V >&5
g++: error: unrecognized command line option '-V'
g++: fatal error: no input files
compilation terminated.
configure:3179: $? = 1
configure:3168: g++ -qversion >&5
g++: error: unrecognized command line option '-qversion'
g++: fatal error: no input files
compilation terminated.
configure:3179: $? = 1
configure:3183: checking whether we are using the GNU C++ compiler
configure:3202: g++ -c   conftest.cpp >&5
configure:3202: $? = 0
configure:3211: result: yes
configure:3220: checking whether g++ accepts -g
configure:3240: g++ -c -g  conftest.cpp >&5
configure:3240: $? = 0
configure:3281: result: yes
configure:3336: checking for main in -lc
configure:3355: g++ -o conftest -g -O2   conftest.cpp -lc   >&5
configure:3355: $? = 0
configure:3364: result: yes
configure:3375: checking for main in -lm
configure:3394: g++ -o conftest -g -O2   conftest.cpp -lm  -lc  >&5
configure:3394: $? = 0
configure:3403: result: yes
configure:3414: checking for main in -lpthread
configure:3433: g++ -o conftest -g -O2   conftest.cpp -lpthread  -lm -lc  >&5
configure:3433: $? = 0
configure:3442: result: yes
configure:3453: checking for main in -lrt
configure:3472: g++ -o conftest -g -O2   conftest.cpp -lrt  -lpthread -lm -lc  >&5
configure:3472: $? = 0
configure:3481: result: yes
configure:3492: checking for main in -lstdc++
configure:3511: g++ -o conftest -g -O2   conftest.cpp -lstdc++  -lrt -lpthread -lm -lc  >&5
configure:3511: $? = 0
configure:3520: result: yes
configure:3531: checking for main in -lregex
configure:3550: g++ -o conftest -g -O2   conftest.cpp -lregex  -lstdc++ -lrt -lpthread -lm -lc  >&5
/usr/bin/ld: cannot find -lregex
collect2: error: ld returned 1 exit status
configure:3550: $? = 1
configure: failed program was:
| /* confdefs.h */
| #define PACKAGE_NAME "kyotocabinet-java"
| #define PACKAGE_TARNAME "kyotocabinet-java"
| #define PACKAGE_VERSION "1.24"
| #define PACKAGE_STRING "kyotocabinet-java 1.24"
| #define PACKAGE_BUGREPORT ""
| #define PACKAGE_URL ""
| #define HAVE_LIBC 1
| #define HAVE_LIBM 1
| #define HAVE_LIBPTHREAD 1
| #define HAVE_LIBRT 1
| #define HAVE_LIBSTDC__ 1
| /* end confdefs.h.  */
| 
| 
| int
| main ()
| {
| return main ();
|   ;
|   return 0;
| }
configure:3559: result: no
configure:3570: checking for main in -lz
configure:3589: g++ -o conftest -g -O2   conftest.cpp -lz  -lstdc++ -lrt -lpthread -lm -lc  >&5
configure:3589: $? = 0
configure:3598: result: yes
configure:3609: checking for main in -lkyotocabinet
configure:3628: g++ -o conftest -g -O2   conftest.cpp -lkyotocabinet  -lz -lstdc++ -lrt -lpthread -lm -lc  >&5
configure:3628: $? = 0
configure:3637: result: yes
configure:3655: checking how to run the C++ preprocessor
configure:3682: g++ -E  conftest.cpp
configure:3682: $? = 0
configure:3696: g++ -E  conftest.cpp
conftest.cpp:16:28: fatal error: ac_nonexistent.h: No such file or directory
compilation terminated.
configure:3696: $? = 1
configure: failed program was:
| /* confdefs.h */
| #define PACKAGE_NAME "kyotocabinet-java"
| #define PACKAGE_TARNAME "kyotocabinet-java"
| #define PACKAGE_VERSION "1.24"
| #define PACKAGE_STRING "kyotocabinet-java 1.24"
| #define PACKAGE_BUGREPORT ""
| #define PACKAGE_URL ""
| #define HAVE_LIBC 1
| #define HAVE_LIBM 1
| #define HAVE_LIBPTHREAD 1
| #define HAVE_LIBRT 1
| #define HAVE_LIBSTDC__ 1
| #define HAVE_LIBZ 1
| #define HAVE_LIBKYOTOCABINET 1
| /* end confdefs.h.  */
| #include <ac_nonexistent.h>
configure:3721: result: g++ -E
configure:3741: g++ -E  conftest.cpp
configure:3741: $? = 0
configure:3755: g++ -E  conftest.cpp
conftest.cpp:16:28: fatal error: ac_nonexistent.h: No such file or directory
compilation terminated.
configure:3755: $? = 1
configure: failed program was:
| /* confdefs.h */
| #define PACKAGE_NAME "kyotocabinet-java"
| #define PACKAGE_TARNAME "kyotocabinet-java"
| #define PACKAGE_VERSION "1.24"
| #define PACKAGE_STRING "kyotocabinet-java 1.24"
| #define PACKAGE_BUGREPORT ""
| #define PACKAGE_URL ""
| #define HAVE_LIBC 1
| #define HAVE_LIBM 1
| #define HAVE_LIBPTHREAD 1
| #define HAVE_LIBRT 1
| #define HAVE_LIBSTDC__ 1
| #define HAVE_LIBZ 1
| #define HAVE_LIBKYOTOCABINET 1
| /* end confdefs.h.  */
| #include <ac_nonexistent.h>
configure:3784: checking for grep that handles long lines and -e
configure:3842: result: /bin/grep
configure:3847: checking for egrep
configure:3909: result: /bin/grep -E
configure:3914: checking for ANSI C header files
configure:3934: g++ -c -g -O2  conftest.cpp >&5
configure:3934: $? = 0
configure:4007: g++ -o conftest -g -O2   conftest.cpp -lkyotocabinet -lz -lstdc++ -lrt -lpthread -lm -lc  >&5
configure:4007: $? = 0
configure:4007: ./conftest
configure:4007: $? = 0
configure:4018: result: yes
configure:4031: checking for sys/types.h
configure:4031: g++ -c -g -O2  conftest.cpp >&5
configure:4031: $? = 0
configure:4031: result: yes
configure:4031: checking for sys/stat.h
configure:4031: g++ -c -g -O2  conftest.cpp >&5
configure:4031: $? = 0
configure:4031: result: yes
configure:4031: checking for stdlib.h
configure:4031: g++ -c -g -O2  conftest.cpp >&5
configure:4031: $? = 0
configure:4031: result: yes
configure:4031: checking for string.h
configure:4031: g++ -c -g -O2  conftest.cpp >&5
configure:4031: $? = 0
configure:4031: result: yes
configure:4031: checking for memory.h
configure:4031: g++ -c -g -O2  conftest.cpp >&5
configure:4031: $? = 0
configure:4031: result: yes
configure:4031: checking for strings.h
configure:4031: g++ -c -g -O2  conftest.cpp >&5
configure:4031: $? = 0
configure:4031: result: yes
configure:4031: checking for inttypes.h
configure:4031: g++ -c -g -O2  conftest.cpp >&5
configure:4031: $? = 0
configure:4031: result: yes
configure:4031: checking for stdint.h
configure:4031: g++ -c -g -O2  conftest.cpp >&5
configure:4031: $? = 0
configure:4031: result: yes
configure:4031: checking for unistd.h
configure:4031: g++ -c -g -O2  conftest.cpp >&5
configure:4031: $? = 0
configure:4031: result: yes
configure:4043: checking for stdlib.h
configure:4043: result: yes
configure:4051: checking for stdint.h
configure:4051: result: yes
configure:4059: checking kccommon.h usability
configure:4059: g++ -c -g -O2  conftest.cpp >&5
configure:4059: $? = 0
configure:4059: result: yes
configure:4059: checking kccommon.h presence
configure:4059: g++ -E  conftest.cpp
configure:4059: $? = 0
configure:4059: result: yes
configure:4059: checking for kccommon.h
configure:4059: result: yes
configure:4067: checking jni.h usability
configure:4067: g++ -c -g -O2  conftest.cpp >&5
configure:4067: $? = 0
configure:4067: result: yes
configure:4067: checking jni.h presence
configure:4067: g++ -E  conftest.cpp
configure:4067: $? = 0
configure:4067: result: yes
configure:4067: checking for jni.h
configure:4067: result: yes
configure:4288: creating ./config.status

## ---------------------- ##
## Running config.status. ##
## ---------------------- ##

This file was extended by kyotocabinet-java config.status 1.24, which was
generated by GNU Autoconf 2.68.  Invocation command line was

  CONFIG_FILES    = 
  CONFIG_HEADERS  = 
  CONFIG_LINKS    = 
  CONFIG_COMMANDS = 
  $ ./config.status 

on chungnt

config.status:760: creating Makefile

## ---------------- ##
## Cache variables. ##
## ---------------- ##

ac_cv_c_compiler_gnu=yes
ac_cv_cxx_compiler_gnu=yes
ac_cv_env_CCC_set=
ac_cv_env_CCC_value=
ac_cv_env_CC_set=
ac_cv_env_CC_value=
ac_cv_env_CFLAGS_set=
ac_cv_env_CFLAGS_value=
ac_cv_env_CPPFLAGS_set=
ac_cv_env_CPPFLAGS_value=
ac_cv_env_CXXCPP_set=
ac_cv_env_CXXCPP_value=
ac_cv_env_CXXFLAGS_set=
ac_cv_env_CXXFLAGS_value=
ac_cv_env_CXX_set=
ac_cv_env_CXX_value=
ac_cv_env_LDFLAGS_set=
ac_cv_env_LDFLAGS_value=
ac_cv_env_LIBS_set=
ac_cv_env_LIBS_value=
ac_cv_env_build_alias_set=
ac_cv_env_build_alias_value=
ac_cv_env_host_alias_set=
ac_cv_env_host_alias_value=
ac_cv_env_target_alias_set=
ac_cv_env_target_alias_value=
ac_cv_header_inttypes_h=yes
ac_cv_header_jni_h=yes
ac_cv_header_kccommon_h=yes
ac_cv_header_memory_h=yes
ac_cv_header_stdc=yes
ac_cv_header_stdint_h=yes
ac_cv_header_stdlib_h=yes
ac_cv_header_string_h=yes
ac_cv_header_strings_h=yes
ac_cv_header_sys_stat_h=yes
ac_cv_header_sys_types_h=yes
ac_cv_header_unistd_h=yes
ac_cv_lib_c_main=yes
ac_cv_lib_kyotocabinet_main=yes
ac_cv_lib_m_main=yes
ac_cv_lib_pthread_main=yes
ac_cv_lib_regex_main=no
ac_cv_lib_rt_main=yes
ac_cv_lib_stdcpp_main=yes
ac_cv_lib_z_main=yes
ac_cv_objext=o
ac_cv_path_EGREP='/bin/grep -E'
ac_cv_path_GREP=/bin/grep
ac_cv_prog_CXXCPP='g++ -E'
ac_cv_prog_ac_ct_CC=gcc
ac_cv_prog_ac_ct_CXX=g++
ac_cv_prog_cc_c89=
ac_cv_prog_cc_g=yes
ac_cv_prog_cxx_g=yes

## ----------------- ##
## Output variables. ##
## ----------------- ##

CC='gcc'
CFLAGS='-g -O2'
CPPFLAGS=''
CXX='g++'
CXXCPP='g++ -E'
CXXFLAGS='-g -O2'
DEFS='-DPACKAGE_NAME=\"kyotocabinet-java\" -DPACKAGE_TARNAME=\"kyotocabinet-java\" -DPACKAGE_VERSION=\"1.24\" -DPACKAGE_STRING=\"kyotocabinet-java\ 1.24\" -DPACKAGE_BUGREPORT=\"\" -DPACKAGE_URL=\"\" -DHAVE_LIBC=1 -DHAVE_LIBM=1 -DHAVE_LIBPTHREAD=1 -DHAVE_LIBRT=1 -DHAVE_LIBSTDC__=1 -DHAVE_LIBZ=1 -DHAVE_LIBKYOTOCABINET=1 -DSTDC_HEADERS=1 -DHAVE_SYS_TYPES_H=1 -DHAVE_SYS_STAT_H=1 -DHAVE_STDLIB_H=1 -DHAVE_STRING_H=1 -DHAVE_MEMORY_H=1 -DHAVE_STRINGS_H=1 -DHAVE_INTTYPES_H=1 -DHAVE_STDINT_H=1 -DHAVE_UNISTD_H=1'
ECHO_C=''
ECHO_N='-n'
ECHO_T=''
EGREP='/bin/grep -E'
EXEEXT=''
GREP='/bin/grep'
JAR='/usr/lib/jvm/java-8-oracle/bin/jar'
JAVAC='/usr/lib/jvm/java-8-oracle/bin/javac'
JAVADOC='/usr/lib/jvm/java-8-oracle/bin/javadoc'
JAVAH='/usr/lib/jvm/java-8-oracle/bin/javah'
JAVARUN='/usr/lib/jvm/java-8-oracle/bin/java'
LDFLAGS=''
LIBOBJS=''
LIBS='-lkyotocabinet -lz -lstdc++ -lrt -lpthread -lm -lc '
LTLIBOBJS=''
MYCPPFLAGS='-I. -I$(INCLUDEDIR) -I/home/chungnt/include -I/usr/local/include -DNDEBUG -I/usr/lib/jvm/java-8-oracle/include -I/usr/lib/jvm/java-8-oracle/include/linux -I/usr/lib/jvm/java-8-oracle/Headers -I/usr/lib/jvm/java-8-oracle/Headers/linux -I/usr/include'
MYCXXFLAGS='-march=native -m64 -Wall -fPIC -fsigned-char -O2'
MYJARFILES='kyotocabinet.jar'
MYJAVACFLAGS='-d .'
MYJAVADOCFLAGS='-locale en -tag note:a:Note: -nodeprecated -nohelp -quiet -noqualifier all'
MYJAVAFILES='Loader.java Utility.java Error.java Visitor.java FileProcessor.java Cursor.java DB.java MapReduce.java ValueIterator.java Test.java'
MYJAVAHOME='/usr/lib/jvm/java-8-oracle'
MYJAVARUNFLAGS='-cp kyotocabinet.jar -Djava.library.path=.:/home/chungnt/lib:/usr/local/lib::/usr/lib/x86_64-linux-gnu'
MYLDFLAGS='-L. -L$(LIBDIR) -L/home/chungnt/lib -L/usr/local/lib -L/usr/lib/x86_64-linux-gnu'
MYLDLIBPATHENV='LD_LIBRARY_PATH'
MYLIBOBJFILES='kyotocabinet.o'
MYLIBRARYFILES=' libjkyotocabinet.so.1.1.0 libjkyotocabinet.so.1 libjkyotocabinet.so'
MYLIBREV='1'
MYLIBVER='1'
MYRUNPATH='$(LIBDIR):/usr/lib/x86_64-linux-gnu'
OBJEXT='o'
PACKAGE_BUGREPORT=''
PACKAGE_NAME='kyotocabinet-java'
PACKAGE_STRING='kyotocabinet-java 1.24'
PACKAGE_TARNAME='kyotocabinet-java'
PACKAGE_URL=''
PACKAGE_VERSION='1.24'
PATH_SEPARATOR=':'
SHELL='/bin/bash'
ac_ct_CC='gcc'
ac_ct_CXX='g++'
bindir='${exec_prefix}/bin'
build_alias=''
datadir='${datarootdir}'
datarootdir='${prefix}/share'
docdir='${datarootdir}/doc/${PACKAGE_TARNAME}'
dvidir='${docdir}'
exec_prefix='${prefix}'
host_alias=''
htmldir='${docdir}'
includedir='${prefix}/include'
infodir='${datarootdir}/info'
libdir='${exec_prefix}/lib'
libexecdir='${exec_prefix}/libexec'
localedir='${datarootdir}/locale'
localstatedir='${prefix}/var'
mandir='${datarootdir}/man'
oldincludedir='/usr/include'
pdfdir='${docdir}'
prefix='/usr/local'
program_transform_name='s,x,x,'
psdir='${docdir}'
sbindir='${exec_prefix}/sbin'
sharedstatedir='${prefix}/com'
sysconfdir='${prefix}/etc'
target_alias=''

## ----------- ##
## confdefs.h. ##
## ----------- ##

/* confdefs.h */
#define PACKAGE_NAME "kyotocabinet-java"
#define PACKAGE_TARNAME "kyotocabinet-java"
#define PACKAGE_VERSION "1.24"
#define PACKAGE_STRING "kyotocabinet-java 1.24"
#define PACKAGE_BUGREPORT ""
#define PACKAGE_URL ""
#define HAVE_LIBC 1
#define HAVE_LIBM 1
#define HAVE_LIBPTHREAD 1
#define HAVE_LIBRT 1
#define HAVE_LIBSTDC__ 1
#define HAVE_LIBZ 1
#define HAVE_LIBKYOTOCABINET 1
#define STDC_HEADERS 1
#define HAVE_SYS_TYPES_H 1
#define HAVE_SYS_STAT_H 1
#define HAVE_STDLIB_H 1
#define HAVE_STRING_H 1
#define HAVE_MEMORY_H 1
#define HAVE_STRINGS_H 1
#define HAVE_INTTYPES_H 1
#define HAVE_STDINT_H 1
#define HAVE_UNISTD_H 1

configure: exit 0
